mode: set
github.com/avito/pvz/test/unit/mocks/repository_mocks.go:20.75,23.2 2 1
github.com/avito/pvz/test/unit/mocks/repository_mocks.go:25.90,27.24 2 1
github.com/avito/pvz/test/unit/mocks/repository_mocks.go:27.24,29.3 1 0
github.com/avito/pvz/test/unit/mocks/repository_mocks.go:30.2,30.46 1 1
github.com/avito/pvz/test/unit/mocks/repository_mocks.go:33.91,35.24 2 1
github.com/avito/pvz/test/unit/mocks/repository_mocks.go:35.24,37.3 1 0
github.com/avito/pvz/test/unit/mocks/repository_mocks.go:38.2,38.46 1 1
github.com/avito/pvz/test/unit/mocks/repository_mocks.go:41.75,44.2 2 1
github.com/avito/pvz/test/unit/mocks/repository_mocks.go:46.77,49.2 2 1
github.com/avito/pvz/test/unit/mocks/repository_mocks.go:51.94,54.2 2 1
github.com/avito/pvz/test/unit/mocks/repository_mocks.go:56.77,59.2 2 1
github.com/avito/pvz/test/unit/mocks/repository_mocks.go:61.149,64.2 2 1
github.com/avito/pvz/test/unit/mocks/repository_mocks.go:71.93,74.2 2 1
github.com/avito/pvz/test/unit/mocks/repository_mocks.go:76.108,78.24 2 1
github.com/avito/pvz/test/unit/mocks/repository_mocks.go:78.24,80.3 1 0
github.com/avito/pvz/test/unit/mocks/repository_mocks.go:81.2,81.58 1 1
github.com/avito/pvz/test/unit/mocks/repository_mocks.go:84.93,87.2 2 1
github.com/avito/pvz/test/unit/mocks/repository_mocks.go:89.83,92.2 2 1
github.com/avito/pvz/test/unit/mocks/repository_mocks.go:94.112,97.2 2 1
github.com/avito/pvz/test/unit/mocks/repository_mocks.go:99.118,101.24 2 1
github.com/avito/pvz/test/unit/mocks/repository_mocks.go:101.24,103.3 1 0
github.com/avito/pvz/test/unit/mocks/repository_mocks.go:104.2,104.58 1 1
github.com/avito/pvz/test/unit/mocks/repository_mocks.go:107.119,110.2 2 1
github.com/avito/pvz/test/unit/mocks/repository_mocks.go:112.115,114.24 2 1
github.com/avito/pvz/test/unit/mocks/repository_mocks.go:114.24,116.3 1 0
github.com/avito/pvz/test/unit/mocks/repository_mocks.go:117.2,117.58 1 1
github.com/avito/pvz/test/unit/mocks/repository_mocks.go:125.87,128.2 2 1
github.com/avito/pvz/test/unit/mocks/repository_mocks.go:130.102,132.24 2 1
github.com/avito/pvz/test/unit/mocks/repository_mocks.go:132.24,134.3 1 0
github.com/avito/pvz/test/unit/mocks/repository_mocks.go:135.2,135.54 1 1
github.com/avito/pvz/test/unit/mocks/repository_mocks.go:138.122,141.2 2 1
github.com/avito/pvz/test/unit/mocks/repository_mocks.go:143.81,146.2 2 1
github.com/avito/pvz/test/unit/mocks/repository_mocks.go:148.101,151.2 2 1
github.com/avito/pvz/test/unit/mocks/repository_mocks.go:158.78,161.2 2 1
github.com/avito/pvz/test/unit/mocks/repository_mocks.go:163.93,165.24 2 1
github.com/avito/pvz/test/unit/mocks/repository_mocks.go:165.24,167.3 1 0
github.com/avito/pvz/test/unit/mocks/repository_mocks.go:168.2,168.48 1 1
github.com/avito/pvz/test/unit/mocks/repository_mocks.go:171.96,173.24 2 1
github.com/avito/pvz/test/unit/mocks/repository_mocks.go:173.24,175.3 1 0
github.com/avito/pvz/test/unit/mocks/repository_mocks.go:176.2,176.48 1 1
github.com/avito/pvz/test/unit/mocks/repository_mocks.go:179.78,182.2 2 1
github.com/avito/pvz/test/unit/mocks/repository_mocks.go:184.78,187.2 2 1
github.com/avito/pvz/test/unit/mocks/repository_mocks.go:189.97,192.2 2 1
github.com/avito/pvz/test/unit/mocks/transaction_mock.go:14.115,17.2 2 1
github.com/avito/pvz/test/integration/test_utils.go:21.37,26.16 3 1
github.com/avito/pvz/test/integration/test_utils.go:26.16,28.3 1 0
github.com/avito/pvz/test/integration/test_utils.go:30.2,30.34 1 1
github.com/avito/pvz/test/integration/test_utils.go:30.34,32.3 1 0
github.com/avito/pvz/test/integration/test_utils.go:35.2,35.44 1 1
github.com/avito/pvz/test/integration/test_utils.go:35.44,37.3 1 0
github.com/avito/pvz/test/integration/test_utils.go:40.2,41.31 2 1
github.com/avito/pvz/test/integration/test_utils.go:41.31,43.17 2 1
github.com/avito/pvz/test/integration/test_utils.go:43.17,45.4 1 0
github.com/avito/pvz/test/integration/test_utils.go:48.2,48.16 1 1
github.com/avito/pvz/test/integration/test_utils.go:51.40,54.16 2 1
github.com/avito/pvz/test/integration/test_utils.go:54.16,56.3 1 0
github.com/avito/pvz/test/integration/test_utils.go:59.2,61.16 3 1
github.com/avito/pvz/test/integration/test_utils.go:61.16,63.3 1 0
github.com/avito/pvz/test/integration/test_utils.go:66.2,67.16 2 1
github.com/avito/pvz/test/integration/test_utils.go:67.16,69.3 1 0
github.com/avito/pvz/test/integration/test_utils.go:71.2,71.12 1 1
