mode: set
github.com/avito/pvz/internal/repository/postgres/cache.go:17.24,23.2 1 1
github.com/avito/pvz/internal/repository/postgres/cache.go:25.58,30.2 4 1
github.com/avito/pvz/internal/repository/postgres/cache.go:32.41,36.2 3 1
github.com/avito/pvz/internal/repository/postgres/cache.go:38.70,43.2 4 1
github.com/avito/pvz/internal/repository/postgres/cache.go:45.59,49.2 3 1
github.com/avito/pvz/internal/repository/postgres/cache.go:51.66,56.2 4 0
github.com/avito/pvz/internal/repository/postgres/cache.go:58.53,62.2 3 1
github.com/avito/pvz/internal/repository/postgres/cache.go:64.25,70.2 5 0
github.com/avito/pvz/internal/repository/postgres/db.go:12.58,22.16 3 0
github.com/avito/pvz/internal/repository/postgres/db.go:22.16,24.3 1 0
github.com/avito/pvz/internal/repository/postgres/db.go:27.2,27.34 1 0
github.com/avito/pvz/internal/repository/postgres/db.go:27.34,29.3 1 0
github.com/avito/pvz/internal/repository/postgres/db.go:31.2,31.16 1 0
github.com/avito/pvz/internal/repository/postgres/postgres.go:19.52,30.2 5 1
github.com/avito/pvz/internal/repository/postgres/postgres.go:32.87,36.2 3 1
github.com/avito/pvz/internal/repository/postgres/postgres.go:38.102,43.26 5 1
github.com/avito/pvz/internal/repository/postgres/postgres.go:43.26,45.3 1 1
github.com/avito/pvz/internal/repository/postgres/postgres.go:46.2,46.18 1 1
github.com/avito/pvz/internal/repository/postgres/postgres.go:49.99,54.26 5 1
github.com/avito/pvz/internal/repository/postgres/postgres.go:54.26,56.3 1 1
github.com/avito/pvz/internal/repository/postgres/postgres.go:57.2,57.18 1 1
github.com/avito/pvz/internal/repository/postgres/postgres.go:60.84,64.2 3 1
github.com/avito/pvz/internal/repository/postgres/postgres.go:66.97,68.39 1 1
github.com/avito/pvz/internal/repository/postgres/postgres.go:68.39,70.3 1 1
github.com/avito/pvz/internal/repository/postgres/postgres.go:72.2,76.26 5 1
github.com/avito/pvz/internal/repository/postgres/postgres.go:76.26,78.3 1 0
github.com/avito/pvz/internal/repository/postgres/postgres.go:79.2,79.16 1 1
github.com/avito/pvz/internal/repository/postgres/postgres.go:79.16,81.3 1 0
github.com/avito/pvz/internal/repository/postgres/postgres.go:84.2,85.17 2 1
github.com/avito/pvz/internal/repository/postgres/postgres.go:88.161,113.16 4 1
github.com/avito/pvz/internal/repository/postgres/postgres.go:113.16,115.3 1 0
github.com/avito/pvz/internal/repository/postgres/postgres.go:116.2,121.18 4 1
github.com/avito/pvz/internal/repository/postgres/postgres.go:121.18,133.17 7 1
github.com/avito/pvz/internal/repository/postgres/postgres.go:133.17,135.4 1 0
github.com/avito/pvz/internal/repository/postgres/postgres.go:137.3,137.32 1 1
github.com/avito/pvz/internal/repository/postgres/postgres.go:137.32,146.4 1 1
github.com/avito/pvz/internal/repository/postgres/postgres.go:148.3,148.44 1 1
github.com/avito/pvz/internal/repository/postgres/postgres.go:148.44,159.4 2 1
github.com/avito/pvz/internal/repository/postgres/postgres.go:161.3,161.28 1 1
github.com/avito/pvz/internal/repository/postgres/postgres.go:161.28,168.4 1 1
github.com/avito/pvz/internal/repository/postgres/postgres.go:171.2,172.27 2 1
github.com/avito/pvz/internal/repository/postgres/postgres.go:172.27,174.3 1 1
github.com/avito/pvz/internal/repository/postgres/postgres.go:176.2,176.20 1 1
github.com/avito/pvz/internal/repository/postgres/postgres.go:179.102,183.2 3 1
github.com/avito/pvz/internal/repository/postgres/postgres.go:185.109,187.51 1 1
github.com/avito/pvz/internal/repository/postgres/postgres.go:187.51,189.3 1 0
github.com/avito/pvz/internal/repository/postgres/postgres.go:191.2,195.26 5 1
github.com/avito/pvz/internal/repository/postgres/postgres.go:195.26,197.3 1 1
github.com/avito/pvz/internal/repository/postgres/postgres.go:198.2,198.16 1 1
github.com/avito/pvz/internal/repository/postgres/postgres.go:198.16,200.3 1 0
github.com/avito/pvz/internal/repository/postgres/postgres.go:203.2,204.23 2 1
github.com/avito/pvz/internal/repository/postgres/postgres.go:207.116,218.26 5 1
github.com/avito/pvz/internal/repository/postgres/postgres.go:218.26,220.3 1 0
github.com/avito/pvz/internal/repository/postgres/postgres.go:221.2,221.23 1 1
github.com/avito/pvz/internal/repository/postgres/postgres.go:224.95,228.2 3 1
github.com/avito/pvz/internal/repository/postgres/postgres.go:230.96,234.2 3 1
github.com/avito/pvz/internal/repository/postgres/postgres.go:236.114,247.26 5 1
github.com/avito/pvz/internal/repository/postgres/postgres.go:247.26,249.3 1 1
github.com/avito/pvz/internal/repository/postgres/postgres.go:250.2,250.16 1 1
github.com/avito/pvz/internal/repository/postgres/postgres.go:250.16,252.3 1 0
github.com/avito/pvz/internal/repository/postgres/postgres.go:255.2,256.21 2 1
github.com/avito/pvz/internal/repository/postgres/postgres.go:259.92,263.2 3 1
github.com/avito/pvz/internal/repository/postgres/postgres.go:265.100,267.16 2 1
github.com/avito/pvz/internal/repository/postgres/postgres.go:267.16,269.3 1 1
github.com/avito/pvz/internal/repository/postgres/postgres.go:270.2,276.16 3 1
github.com/avito/pvz/internal/repository/postgres/postgres.go:276.16,278.3 1 0
github.com/avito/pvz/internal/repository/postgres/postgres.go:279.2,281.35 2 1
github.com/avito/pvz/internal/repository/postgres/postgres.go:281.35,288.17 2 1
github.com/avito/pvz/internal/repository/postgres/postgres.go:288.17,290.4 1 0
github.com/avito/pvz/internal/repository/postgres/postgres.go:291.3,291.30 1 1
github.com/avito/pvz/internal/repository/postgres/postgres.go:294.2,294.20 1 1
